> Task :compileJava
> Task :processResources UP-TO-DATE
> Task :classes

> Task :CardApiApplication.main()

  .   ____          _            __ _ _
 /\\ / ___'_ __ _ _(_)_ __  __ _ \ \ \ \
( ( )\___ | '_ | '_| | '_ \/ _` | \ \ \ \
 \\/  ___)| |_)| | | | | || (_| |  ) ) ) )
  '  |____| .__|_| |_|_| |_\__, | / / / /
 =========|_|==============|___/=/_/_/_/
 :: Spring Boot ::                (v2.7.4)

2022-09-26 22:56:27.508  INFO 6936 --- [           main] c.f.cardapi.CardApiApplication           : Starting CardApiApplication using Java 11.0.16.1 on Rosana-PC with PID 6936 (C:\Users\rosan\IdeaProjects\card-api\build\classes\java\main started by Rosana in C:\Users\rosan\IdeaProjects\card-api)
2022-09-26 22:56:27.521  INFO 6936 --- [           main] c.f.cardapi.CardApiApplication           : No active profile set, falling back to 1 default profile: "default"
2022-09-26 22:56:36.232  INFO 6936 --- [           main] o.s.b.w.embedded.tomcat.TomcatWebServer  : Tomcat initialized with port(s): 8080 (http)
2022-09-26 22:56:36.270  INFO 6936 --- [           main] o.apache.catalina.core.StandardService   : Starting service [Tomcat]
2022-09-26 22:56:36.271  INFO 6936 --- [           main] org.apache.catalina.core.StandardEngine  : Starting Servlet engine: [Apache Tomcat/9.0.65]
2022-09-26 22:56:37.520  INFO 6936 --- [           main] o.a.c.c.C.[Tomcat].[localhost].[/]       : Initializing Spring embedded WebApplicationContext
2022-09-26 22:56:37.522  INFO 6936 --- [           main] w.s.c.ServletWebServerApplicationContext : Root WebApplicationContext: initialization completed in 9335 ms
2022-09-26 22:56:39.322  INFO 6936 --- [           main] o.s.b.w.embedded.tomcat.TomcatWebServer  : Tomcat started on port(s): 8080 (http) with context path ''
2022-09-26 22:56:39.369  INFO 6936 --- [           main] c.f.cardapi.CardApiApplication           : Started CardApiApplication in 14.248 seconds (JVM running for 15.922)
2022-09-26 22:56:52.262  INFO 6936 --- [nio-8080-exec-1] o.a.c.c.C.[Tomcat].[localhost].[/]       : Initializing Spring DispatcherServlet 'dispatcherServlet'
2022-09-26 22:56:52.263  INFO 6936 --- [nio-8080-exec-1] o.s.web.servlet.DispatcherServlet        : Initializing Servlet 'dispatcherServlet'
2022-09-26 22:56:52.269  INFO 6936 --- [nio-8080-exec-1] o.s.web.servlet.DispatcherServlet        : Completed initialization in 5 ms
2022-09-26 22:56:52.386  INFO 6936 --- [nio-8080-exec-1] c.f.cardapi.controller.CardController    : Avaliando sa?de da aplica??o
2022-09-26 22:56:57.835  INFO 6936 --- [nio-8080-exec-3] c.f.cardapi.controller.CardController    : Iniciando busca pelo card com id [1]
2022-09-26 23:05:46.065  INFO 6936 --- [nio-8080-exec-6] c.f.cardapi.controller.CardController    : Iniciando busca pelo card com id [2]
